\BOOKMARK [1][-]{section.1}{Introduction}{}% 1
\BOOKMARK [1][-]{section.2}{How\040does\040the\040project\040work?\040-\040The\040Big\040Picture}{}% 2
\BOOKMARK [1][-]{section.3}{Package\040Cards}{}% 3
\BOOKMARK [2][-]{subsection.3.1}{Class\040Card}{section.3}% 4
\BOOKMARK [3][-]{subsubsection.3.1.1}{Attributes}{subsection.3.1}% 5
\BOOKMARK [3][-]{subsubsection.3.1.2}{Methods}{subsection.3.1}% 6
\BOOKMARK [2][-]{subsection.3.2}{Classes\040Minion,\040Spell,\040and\040Weapon}{section.3}% 7
\BOOKMARK [2][-]{subsection.3.3}{Class\040CardCreator}{section.3}% 8
\BOOKMARK [1][-]{section.4}{Package\040Heroes}{}% 9
\BOOKMARK [2][-]{subsection.4.1}{Class\040Hero}{section.4}% 10
\BOOKMARK [3][-]{subsubsection.4.1.1}{Attributes}{subsection.4.1}% 11
\BOOKMARK [3][-]{subsubsection.4.1.2}{Methods}{subsection.4.1}% 12
\BOOKMARK [2][-]{subsection.4.2}{Classes\040Mage,\040Rogue,\040and\040Warlock}{section.4}% 13
\BOOKMARK [2][-]{subsection.4.3}{Class\040HeroCreator}{section.4}% 14
\BOOKMARK [1][-]{section.5}{Package\040UserHandle}{}% 15
\BOOKMARK [2][-]{subsection.5.1}{Class\040User}{section.5}% 16
\BOOKMARK [3][-]{subsubsection.5.1.1}{Attributes}{subsection.5.1}% 17
\BOOKMARK [3][-]{subsubsection.5.1.2}{Methods}{subsection.5.1}% 18
\BOOKMARK [2][-]{subsection.5.2}{Class\040UserDataHandler}{section.5}% 19
\BOOKMARK [1][-]{section.6}{Package\040Places}{}% 20
\BOOKMARK [2][-]{subsection.6.1}{Class\040Place}{section.6}% 21
\BOOKMARK [3][-]{subsubsection.6.1.1}{Attributes}{subsection.6.1}% 22
\BOOKMARK [3][-]{subsubsection.6.1.2}{Methods}{subsection.6.1}% 23
\BOOKMARK [2][-]{subsection.6.2}{Classes\040SignInOrSignUp,\040MainMenu,\040Collections,\040and\040Store}{section.6}% 24
\BOOKMARK [1][-]{section.7}{Package\040GameHandler}{}% 25
\BOOKMARK [2][-]{subsection.7.1}{Class\040GameHandler}{section.7}% 26
\BOOKMARK [3][-]{subsubsection.7.1.1}{Attributes}{subsection.7.1}% 27
\BOOKMARK [3][-]{subsubsection.7.1.2}{Methods}{subsection.7.1}% 28
\BOOKMARK [2][-]{subsection.7.2}{Package\040CLI}{section.7}% 29
\BOOKMARK [3][-]{subsubsection.7.2.1}{Class\040CLI}{subsection.7.2}% 30
\BOOKMARK [3][-]{subsubsection.7.2.2}{Class\040RespondToUser}{subsection.7.2}% 31
\BOOKMARK [3][-]{subsubsection.7.2.3}{Class\040getResponseFromUser}{subsection.7.2}% 32
\BOOKMARK [1][-]{section.8}{Package\040Logger}{}% 33
\BOOKMARK [2][-]{subsection.8.1}{Class\040Logger}{section.8}% 34
\BOOKMARK [3][-]{subsubsection.8.1.1}{Attributes}{subsection.8.1}% 35
\BOOKMARK [3][-]{subsubsection.8.1.2}{Methods}{subsection.8.1}% 36
\BOOKMARK [1][-]{section.9}{Package\040Utilities}{}% 37
\BOOKMARK [2][-]{subsection.9.1}{Class\040FileHandler}{section.9}% 38
\BOOKMARK [2][-]{subsection.9.2}{Class\040SHA256Hash}{section.9}% 39
\BOOKMARK [2][-]{subsection.9.3}{Class\040TextProcessingTool}{section.9}% 40
\BOOKMARK [1][-]{section.10}{Package\040Initialization}{}% 41
\BOOKMARK [2][-]{subsection.10.1}{Class\040CardsDataCreator}{section.10}% 42
\BOOKMARK [2][-]{subsection.10.2}{Class\040DefaultUserCardsDataCreator}{section.10}% 43
\BOOKMARK [2][-]{subsection.10.3}{Class\040PlaceDataCreator}{section.10}% 44
