login, 2020-06-23T18:45:23.486314200,  as  
Button Pressed, 2020-06-23T18:45:25.954537600, Play
Button Pressed, 2020-06-23T18:45:31.903588400, New Deck 1
Button Pressed, 2020-06-23T18:45:33.554615300, Play
Button Pressed, 2020-06-23T18:45:41.722484800, draw twice
Button Pressed, 2020-06-23T18:45:46.327110500, Sunreaver Warmage
Button Pressed, 2020-06-23T18:45:49.971916, end turn
Next Turn, 2020-06-23T18:45:49.972947900, 
Button Pressed, 2020-06-23T18:45:50.747287200, end turn
Next Turn, 2020-06-23T18:45:50.748278800, 
Button Pressed, 2020-06-23T18:45:51.485800600, end turn
Next Turn, 2020-06-23T18:45:51.486770100, 
Button Pressed, 2020-06-23T18:45:52.598956300, Living Monument
Button Pressed, 2020-06-23T18:45:53.119566100, Goldshire Footman
Card Played, 2020-06-23T18:45:53.122394400, Goldshire Footman
Button Pressed, 2020-06-23T18:45:58.662577500, Sunreaver Warmage
Button Pressed, 2020-06-23T18:45:59.370307400, Living Monument
Button Pressed, 2020-06-23T18:46:02.924096800, Sunreaver Warmage
quit, 2020-06-23T18:46:07.133805300, quit the game
login, 2020-06-23T18:47:43.856679100,  as  
Button Pressed, 2020-06-23T18:47:46.554885900, Collections
Button Pressed, 2020-06-23T18:47:49.787096, New Deck 1
Button Pressed, 2020-06-23T18:47:50.890871300, Play
Button Pressed, 2020-06-23T18:47:53.414595400, zombie
Button Pressed, 2020-06-23T18:47:57.242306400, Goldshire Footman
Card Played, 2020-06-23T18:47:57.244309800, Goldshire Footman
Button Pressed, 2020-06-23T18:48:09.396735800, end turn
Next Turn, 2020-06-23T18:48:09.397733400, 
Button Pressed, 2020-06-23T18:48:09.780165400, end turn
Next Turn, 2020-06-23T18:48:09.781160200, 
Button Pressed, 2020-06-23T18:48:10.053461500, end turn
Next Turn, 2020-06-23T18:48:10.054435800, 
Button Pressed, 2020-06-23T18:48:10.396549800, end turn
Next Turn, 2020-06-23T18:48:10.397514900, 
Button Pressed, 2020-06-23T18:48:10.419454300, end turn
Next Turn, 2020-06-23T18:48:10.419454300, 
Button Pressed, 2020-06-23T18:48:10.779491800, end turn
Next Turn, 2020-06-23T18:48:10.780489, 
Button Pressed, 2020-06-23T18:48:13.368633100, Goldshire Footman
Card Played, 2020-06-23T18:48:13.368633100, Goldshire Footman
quit, 2020-06-23T18:48:24.515796500, quit the game
login, 2020-06-23T18:49:31.827469400,  as  
Button Pressed, 2020-06-23T18:49:33.685522700, Collections
Button Pressed, 2020-06-23T18:49:37.428385800, New Deck 1
Button Pressed, 2020-06-23T18:49:38.629640800, Play
Button Pressed, 2020-06-23T18:49:43.233666, zombie
Button Pressed, 2020-06-23T18:49:47.433103700, Goldshire Footman
Card Played, 2020-06-23T18:49:47.435107400, Goldshire Footman
quit, 2020-06-23T18:50:39.835801200, quit the game
login, 2020-06-23T19:22:27.568648200,  as  
Button Pressed, 2020-06-23T19:22:28.937943300, Play
Button Pressed, 2020-06-23T19:22:33.589651300, Amir
Button Pressed, 2020-06-23T19:22:34.925170900, Play
Button Pressed, 2020-06-23T19:22:45.186406200, draw twice
Button Pressed, 2020-06-23T19:22:51.217638600, Poisoned Dagger
Card Played, 2020-06-23T19:22:51.218650, Poisoned Dagger
Button Pressed, 2020-06-23T19:22:54.345967100, end turn
Next Turn, 2020-06-23T19:22:54.346979600, 
Button Pressed, 2020-06-23T19:22:54.924719800, end turn
Next Turn, 2020-06-23T19:22:54.925703900, 
Button Pressed, 2020-06-23T19:22:55.251868800, end turn
Next Turn, 2020-06-23T19:22:55.252829200, 
Button Pressed, 2020-06-23T19:22:55.550035700, end turn
Next Turn, 2020-06-23T19:22:55.551032800, 
Button Pressed, 2020-06-23T19:22:55.574968400, end turn
Next Turn, 2020-06-23T19:22:55.574968400, 
Button Pressed, 2020-06-23T19:22:57.473726200, Goldshire Footman
Card Played, 2020-06-23T19:22:57.474733300, Goldshire Footman
Button Pressed, 2020-06-23T19:22:58.487312400, Goldshire Footman
Card Played, 2020-06-23T19:22:58.488312700, Goldshire Footman
quit, 2020-06-23T19:23:07.836971700, quit the game
login, 2020-06-23T19:25:25.024224100,  as  
Button Pressed, 2020-06-23T19:25:25.825008800, Collections
Button Pressed, 2020-06-23T19:25:29.721064400, New Deck 1
Button Pressed, 2020-06-23T19:25:32.049729700, Play
Button Pressed, 2020-06-23T19:25:34.638974, draw twice
Button Pressed, 2020-06-23T19:25:40.930466300, end turn
Next Turn, 2020-06-23T19:25:40.931473, 
Button Pressed, 2020-06-23T19:25:41.225905700, end turn
Next Turn, 2020-06-23T19:25:41.226896500, 
Button Pressed, 2020-06-23T19:25:41.456291, end turn
Next Turn, 2020-06-23T19:25:41.456291, 
Button Pressed, 2020-06-23T19:25:43.825373500, High Priest Amet
Card Played, 2020-06-23T19:25:43.826372600, High Priest Amet
quit, 2020-06-23T19:25:53.905881200, quit the game
login, 2020-06-23T19:26:34.119099100,  as  
Button Pressed, 2020-06-23T19:26:35.613912100, Play
Button Pressed, 2020-06-23T19:26:40.100156600, New Deck 1
Button Pressed, 2020-06-23T19:26:41.583356, Play
Button Pressed, 2020-06-23T19:26:49.919125300, mana jump
Button Pressed, 2020-06-23T19:26:53.844916800, Sunreaver Warmage
Button Pressed, 2020-06-23T19:26:56.401659800, Goldshire Footman
Card Played, 2020-06-23T19:26:56.402646300, Goldshire Footman
quit, 2020-06-23T19:27:04.223177400, quit the game
login, 2020-06-23T19:27:26.701474100,  as  
Button Pressed, 2020-06-23T19:27:27.748937200, Collections
Button Pressed, 2020-06-23T19:27:30.413585900, New Deck 1
Button Pressed, 2020-06-23T19:27:31.524496100, Play
Button Pressed, 2020-06-23T19:27:33.717236300, warriors
Button Pressed, 2020-06-23T19:27:36.647768100, end turn
Next Turn, 2020-06-23T19:27:36.648767200, 
Button Pressed, 2020-06-23T19:27:36.854256100, end turn
Next Turn, 2020-06-23T19:27:36.855219200, 
Button Pressed, 2020-06-23T19:27:37.033384, end turn
Next Turn, 2020-06-23T19:27:37.033384, 
Button Pressed, 2020-06-23T19:27:38.415276, Living Monument
Button Pressed, 2020-06-23T19:27:39.440314300, Goldshire Footman
Card Played, 2020-06-23T19:27:39.441317300, Goldshire Footman
quit, 2020-06-23T19:27:44.859892, quit the game
login, 2020-06-23T19:27:56.627236700,  as  
Button Pressed, 2020-06-23T19:27:57.925135800, Collections
Button Pressed, 2020-06-23T19:28:00.621267, New Deck 1
Button Pressed, 2020-06-23T19:28:01.506738800, Play
Button Pressed, 2020-06-23T19:28:03.688955300, zombie
Button Pressed, 2020-06-23T19:28:05.375483, High Priest Amet
Button Pressed, 2020-06-23T19:28:06.507946900, High Priest Amet
Button Pressed, 2020-06-23T19:28:08.265159100, end turn
Next Turn, 2020-06-23T19:28:08.266153900, 
Button Pressed, 2020-06-23T19:28:08.463473600, end turn
Next Turn, 2020-06-23T19:28:08.464451, 
Button Pressed, 2020-06-23T19:28:08.641037100, end turn
Next Turn, 2020-06-23T19:28:08.642032200, 
Button Pressed, 2020-06-23T19:28:08.829330800, end turn
Next Turn, 2020-06-23T19:28:08.829330800, 
Button Pressed, 2020-06-23T19:28:09.079685300, end turn
Next Turn, 2020-06-23T19:28:09.080650, 
Button Pressed, 2020-06-23T19:28:11.097385300, Sunreaver Warmage
Card Played, 2020-06-23T19:28:11.097385300, Sunreaver Warmage
quit, 2020-06-23T19:28:16.823988400, quit the game
login, 2020-06-23T19:28:24.567821400,  as  
Button Pressed, 2020-06-23T19:28:25.539927200, Collections
Button Pressed, 2020-06-23T19:28:28.687162500, New Deck 1
Button Pressed, 2020-06-23T19:28:30.113258900, Play
Button Pressed, 2020-06-23T19:28:32.677058800, draw twice
Button Pressed, 2020-06-23T19:28:39.318840900, end turn
Next Turn, 2020-06-23T19:28:39.320837200, 
Button Pressed, 2020-06-23T19:28:39.507338900, end turn
Next Turn, 2020-06-23T19:28:39.507338900, 
Button Pressed, 2020-06-23T19:28:39.704863700, end turn
Next Turn, 2020-06-23T19:28:39.705808700, 
Button Pressed, 2020-06-23T19:28:41.281148800, Goldshire Footman
Card Played, 2020-06-23T19:28:41.282151100, Goldshire Footman
quit, 2020-06-23T19:28:44.987643300, quit the game
login, 2020-06-23T19:28:51.556651400,  as  
Button Pressed, 2020-06-23T19:28:53.836530, Play
Button Pressed, 2020-06-23T19:28:57.189753600, Stonetusk Boar
Button Pressed, 2020-06-23T19:29:01.415965400, Amir
Button Pressed, 2020-06-23T19:29:02.522919400, Play
Button Pressed, 2020-06-23T19:29:04.615452800, nurse
Button Pressed, 2020-06-23T19:29:08.360612800, Strength in Numbers
Card Played, 2020-06-23T19:29:08.362606700, Strength in Numbers
Button Pressed, 2020-06-23T19:29:11.246898100, end turn
Next Turn, 2020-06-23T19:29:11.247860900, 
Button Pressed, 2020-06-23T19:29:11.390477200, end turn
Next Turn, 2020-06-23T19:29:11.391499600, 
Button Pressed, 2020-06-23T19:29:13.351868500, Poisoned Dagger
Card Played, 2020-06-23T19:29:13.352864500, Poisoned Dagger
Button Pressed, 2020-06-23T19:29:15.928241700, Goldshire Footman
Card Played, 2020-06-23T19:29:15.929224300, Goldshire Footman
quit, 2020-06-23T19:29:25.777663, quit the game
login, 2020-06-23T19:30:30.371454900,  as  
Button Pressed, 2020-06-23T19:30:32.278278700, Collections
Button Pressed, 2020-06-23T19:30:35.132183900, New Deck 1
Button Pressed, 2020-06-23T19:30:36.487440, Play
Button Pressed, 2020-06-23T19:30:38.381106300, mana jump
Button Pressed, 2020-06-23T19:30:41.377692900, Goldshire Footman
Card Played, 2020-06-23T19:30:41.378684900, Goldshire Footman
quit, 2020-06-23T19:30:48.745784600, quit the game
login, 2020-06-23T19:44:44.780767,  as  
Button Pressed, 2020-06-23T19:44:46.212085600, Collections
quit, 2020-06-23T19:45:15.992740, quit the game
login, 2020-06-23T19:51:13.729589100,  as  
Button Pressed, 2020-06-23T19:51:14.954332400, Collections
Button Pressed, 2020-06-23T19:51:17.911810700, New Deck 1
Button Pressed, 2020-06-23T19:51:19.495807900, Play
Button Pressed, 2020-06-23T19:51:23.295561900, zombie
Button Pressed, 2020-06-23T19:51:26.446026900, zombie
quit, 2020-06-23T19:52:04.641000700, quit the game
login, 2020-06-23T19:52:22.837273100,  as  
Button Pressed, 2020-06-23T19:52:23.601990300, Collections
Button Pressed, 2020-06-23T19:52:26.407485800, New Deck 1
Button Pressed, 2020-06-23T19:52:29.395397700, Play
Button Pressed, 2020-06-23T19:52:32.651678900, draw twice
quit, 2020-06-23T19:54:21.149296800, quit the game
login, 2020-06-23T19:54:27.421079900,  as  
Button Pressed, 2020-06-23T19:54:28.381865600, Collections
Button Pressed, 2020-06-23T19:54:31.529519700, New Deck 1
Button Pressed, 2020-06-23T19:54:32.867376100, Play
Button Pressed, 2020-06-23T19:54:35.080823100, draw twice
Button Pressed, 2020-06-23T19:54:42.553596, Goldshire Footman
Card Played, 2020-06-23T19:54:42.555604900, Goldshire Footman
Button Pressed, 2020-06-23T19:54:55.969575500, end turn
Next Turn, 2020-06-23T19:54:55.970572300, 
Button Pressed, 2020-06-23T19:54:56.211938300, end turn
Next Turn, 2020-06-23T19:54:56.211938300, 
Button Pressed, 2020-06-23T19:54:56.477268400, end turn
Next Turn, 2020-06-23T19:54:56.478230, 
Button Pressed, 2020-06-23T19:54:56.503163500, end turn
Next Turn, 2020-06-23T19:54:56.504163, 
Button Pressed, 2020-06-23T19:54:58.998177600, Sunreaver Warmage
Card Played, 2020-06-23T19:54:58.999163700, Sunreaver Warmage
quit, 2020-06-23T19:59:07.403727500, quit the game
login, 2020-06-23T19:59:36.355279500,  as  
Button Pressed, 2020-06-23T19:59:38.543657, Collections
Button Pressed, 2020-06-23T19:59:41.602931300, Amir
Button Pressed, 2020-06-23T19:59:43.374006600, Play
Button Pressed, 2020-06-23T19:59:45.720915500, nurse
quit, 2020-06-23T20:01:02.378775400, quit the game
login, 2020-06-23T20:01:05.916851700,  as  
Button Pressed, 2020-06-23T20:01:07.067338800, Collections
Button Pressed, 2020-06-23T20:01:10.295424800, Amir
Button Pressed, 2020-06-23T20:01:11.759375600, Play
Button Pressed, 2020-06-23T20:01:14.164934600, mana jump
Button Pressed, 2020-06-23T20:01:18.507812600, end turn
Next Turn, 2020-06-23T20:01:18.508810900, 
Button Pressed, 2020-06-23T20:01:18.676372200, end turn
Next Turn, 2020-06-23T20:01:18.677369400, 
Button Pressed, 2020-06-23T20:01:18.857877200, end turn
Next Turn, 2020-06-23T20:01:18.857877200, 
Button Pressed, 2020-06-23T20:01:22.308525900, Goldshire Footman
Card Played, 2020-06-23T20:01:22.309524200, Goldshire Footman
Button Pressed, 2020-06-23T20:01:23.410363800, Living Monument
Button Pressed, 2020-06-23T20:01:24.325911800, Living Monument
Button Pressed, 2020-06-23T20:01:25.316695300, Living Monument
Button Pressed, 2020-06-23T20:01:25.485245100, Living Monument
Button Pressed, 2020-06-23T20:01:25.673741500, Living Monument
quit, 2020-06-23T20:02:15.540295400, quit the game
login, 2020-06-23T20:02:58.790576,  as  
Button Pressed, 2020-06-23T20:03:00.048785100, Collections
Button Pressed, 2020-06-23T20:03:03.522791800, Amir
Button Pressed, 2020-06-23T20:03:05.031243900, Play
Button Pressed, 2020-06-23T20:03:07.593635100, mana jump
Button Pressed, 2020-06-23T20:03:10.685624200, end turn
Next Turn, 2020-06-23T20:03:10.687615700, 
Button Pressed, 2020-06-23T20:03:10.886122200, end turn
Next Turn, 2020-06-23T20:03:10.887099600, 
Button Pressed, 2020-06-23T20:03:11.071665100, end turn
Next Turn, 2020-06-23T20:03:11.072598700, 
Button Pressed, 2020-06-23T20:03:11.260086900, end turn
Next Turn, 2020-06-23T20:03:11.260086900, 
Button Pressed, 2020-06-23T20:03:15.742273700, end turn
Next Turn, 2020-06-23T20:03:15.743287100, 
Button Pressed, 2020-06-23T20:03:15.963680800, end turn
Next Turn, 2020-06-23T20:03:15.964721, 
Button Pressed, 2020-06-23T20:03:16.191113, end turn
Next Turn, 2020-06-23T20:03:16.192080500, 
Button Pressed, 2020-06-23T20:03:20.114007500, Strength in Numbers
Card Played, 2020-06-23T20:03:20.115005400, Strength in Numbers
Button Pressed, 2020-06-23T20:03:22.446899500, Strength in Numbers
Card Played, 2020-06-23T20:03:22.447895500, Strength in Numbers
Button Pressed, 2020-06-23T20:03:31.806518, Goldshire Footman
Card Played, 2020-06-23T20:03:31.806518, Goldshire Footman
Button Pressed, 2020-06-23T20:03:32.823466900, Sunreaver Warmage
Card Played, 2020-06-23T20:03:32.824447500, Sunreaver Warmage
Button Pressed, 2020-06-23T20:03:39.156551400, end turn
Next Turn, 2020-06-23T20:03:39.157565100, 
Button Pressed, 2020-06-23T20:03:39.894923800, end turn
Next Turn, 2020-06-23T20:03:39.895938300, 
Button Pressed, 2020-06-23T20:03:43.072914300, Goldshire Footman
Card Played, 2020-06-23T20:03:43.072914300, Goldshire Footman
Button Pressed, 2020-06-23T20:04:06.542006800, Poisoned Dagger
Card Played, 2020-06-23T20:04:06.543004700, Poisoned Dagger
quit, 2020-06-23T20:10:11.853802500, quit the game
login, 2020-06-23T20:10:18.187195100,  as  
Button Pressed, 2020-06-23T20:10:20.136483800, Collections
Button Pressed, 2020-06-23T20:10:22.929729200, Amir
Button Pressed, 2020-06-23T20:10:24.285382300, Play
Button Pressed, 2020-06-23T20:10:26.444777300, nurse
Button Pressed, 2020-06-23T20:10:30.203943400, end turn
Next Turn, 2020-06-23T20:10:30.204942100, 
Button Pressed, 2020-06-23T20:10:30.470278100, end turn
Next Turn, 2020-06-23T20:10:30.471288700, 
Button Pressed, 2020-06-23T20:10:30.640822500, end turn
Next Turn, 2020-06-23T20:10:30.640822500, 
Button Pressed, 2020-06-23T20:10:34.020030500, end turn
Next Turn, 2020-06-23T20:10:34.021029200, 
Button Pressed, 2020-06-23T20:10:52.479748600, Strength in Numbers
Card Played, 2020-06-23T20:10:52.481737700, Strength in Numbers
Button Pressed, 2020-06-23T20:10:58.875457100, Goldshire Footman
Card Played, 2020-06-23T20:10:58.876457400, Goldshire Footman
Button Pressed, 2020-06-23T20:10:59.895894100, Living Monument
Button Pressed, 2020-06-23T20:11:00.328156100, Living Monument
quit, 2020-06-23T20:12:12.515318, quit the game
login, 2020-06-23T20:12:21.945593700,  as  
Button Pressed, 2020-06-23T20:12:23.351829400, Collections
Button Pressed, 2020-06-23T20:12:26.923660600, New Deck 1
Button Pressed, 2020-06-23T20:12:29.795423400, Play
Button Pressed, 2020-06-23T20:12:32.455319500, nurse
Button Pressed, 2020-06-23T20:12:37.669938200, Goldshire Footman
Card Played, 2020-06-23T20:12:37.670936600, Goldshire Footman
quit, 2020-06-23T20:13:00.852759600, quit the game
login, 2020-06-23T20:13:09.267111100,  as  
Button Pressed, 2020-06-23T20:13:10.479254400, Collections
Button Pressed, 2020-06-23T20:14:57.557739, Amir
Button Pressed, 2020-06-23T20:14:58.816793100, Play
Button Pressed, 2020-06-23T20:15:00.893744500, draw twice
Button Pressed, 2020-06-23T20:15:02.754440500, Goldshire Footman
Card Played, 2020-06-23T20:15:02.755438, Goldshire Footman
quit, 2020-06-23T20:18:47.968341400, quit the game
login, 2020-06-23T20:18:55.321624500,  as  
Button Pressed, 2020-06-23T20:18:56.702732, Collections
Button Pressed, 2020-06-23T20:18:59.911304200, Amir
Button Pressed, 2020-06-23T20:19:01.575011500, Play
Button Pressed, 2020-06-23T20:19:03.772971200, zombie
Button Pressed, 2020-06-23T20:19:07.022468400, end turn
Next Turn, 2020-06-23T20:19:07.023451700, 
Button Pressed, 2020-06-23T20:19:07.252837900, end turn
Next Turn, 2020-06-23T20:19:07.253835400, 
Button Pressed, 2020-06-23T20:19:07.497216600, end turn
Next Turn, 2020-06-23T20:19:07.498214200, 
Button Pressed, 2020-06-23T20:19:07.723610600, end turn
Next Turn, 2020-06-23T20:19:07.724577300, 
Button Pressed, 2020-06-23T20:19:07.934054300, end turn
Next Turn, 2020-06-23T20:19:07.935032100, 
Button Pressed, 2020-06-23T20:19:08.174374200, end turn
Next Turn, 2020-06-23T20:19:08.176376800, 
Button Pressed, 2020-06-23T20:19:11.711055100, Gnomish Army Knife
Card Played, 2020-06-23T20:19:11.712051900, Gnomish Army Knife
Button Pressed, 2020-06-23T20:19:13.986014900, end turn
Next Turn, 2020-06-23T20:19:13.986014900, 
Button Pressed, 2020-06-23T20:19:14.241331300, end turn
Next Turn, 2020-06-23T20:19:14.242330400, 
Button Pressed, 2020-06-23T20:19:14.270274, end turn
Next Turn, 2020-06-23T20:19:14.270274, 
Button Pressed, 2020-06-23T20:19:17.181833400, Goldshire Footman
Card Played, 2020-06-23T20:19:17.182842700, Goldshire Footman
Button Pressed, 2020-06-23T20:19:22.587297900, Goldshire Footman
Card Played, 2020-06-23T20:19:22.587297900, Goldshire Footman
Button Pressed, 2020-06-23T20:19:31.684358, end turn
Next Turn, 2020-06-23T20:19:31.684358, 
Button Pressed, 2020-06-23T20:19:33.919774, Living Monument
Card Played, 2020-06-23T20:19:33.919774, Living Monument
Button Pressed, 2020-06-23T20:19:39.817657100, Strength in Numbers
Button Pressed, 2020-06-23T20:19:41.252399, end turn
Next Turn, 2020-06-23T20:19:41.253413900, 
Button Pressed, 2020-06-23T20:19:43.303106800, Strength in Numbers
Card Played, 2020-06-23T20:19:43.303106800, Strength in Numbers
Button Pressed, 2020-06-23T20:19:48.518539700, Poisoned Dagger
Card Played, 2020-06-23T20:19:48.518539700, Poisoned Dagger
Button Pressed, 2020-06-23T20:19:51.808475100, Gnomish Army Knife
Card Played, 2020-06-23T20:19:51.809488400, Gnomish Army Knife
Button Pressed, 2020-06-23T20:19:55.543974200, end turn
Next Turn, 2020-06-23T20:19:55.545020400, 
Button Pressed, 2020-06-23T20:19:55.752443400, end turn
Next Turn, 2020-06-23T20:19:55.753431900, 
Button Pressed, 2020-06-23T20:19:58.344465800, Sunreaver Warmage
Card Played, 2020-06-23T20:19:58.345463400, Sunreaver Warmage
Button Pressed, 2020-06-23T20:20:11.661261900, Poisoned Dagger
Card Played, 2020-06-23T20:20:11.662277600, Poisoned Dagger
Button Pressed, 2020-06-23T20:20:13.965459800, end turn
Next Turn, 2020-06-23T20:20:13.966483, 
Button Pressed, 2020-06-23T20:20:14.498365900, end turn
Next Turn, 2020-06-23T20:20:14.498365900, 
Button Pressed, 2020-06-23T20:20:15.924563700, Living Monument
Card Played, 2020-06-23T20:20:15.924563700, Living Monument
Button Pressed, 2020-06-23T20:20:18.943066500, end turn
Next Turn, 2020-06-23T20:20:18.944064400, 
Button Pressed, 2020-06-23T20:20:19.191438500, end turn
Next Turn, 2020-06-23T20:20:19.192409600, 
Button Pressed, 2020-06-23T20:20:20.747809300, Sunreaver Warmage
Card Played, 2020-06-23T20:20:20.747809300, Sunreaver Warmage
Button Pressed, 2020-06-23T20:20:33.361360300, Strength in Numbers
Card Played, 2020-06-23T20:20:33.362359, Strength in Numbers
quit, 2020-06-23T20:20:49.856244800, quit the game
login, 2020-06-23T20:22:11.190442900,  as  
Button Pressed, 2020-06-23T20:22:12.589556500, Collections
Button Pressed, 2020-06-23T20:22:15.806113, Amir
Button Pressed, 2020-06-23T20:22:16.936980500, Play
Button Pressed, 2020-06-23T20:22:19.132215900, draw twice
Button Pressed, 2020-06-23T20:22:23.202192100, end turn
Next Turn, 2020-06-23T20:22:23.203209, 
Button Pressed, 2020-06-23T20:22:23.429584800, end turn
Next Turn, 2020-06-23T20:22:23.430583100, 
Button Pressed, 2020-06-23T20:22:23.634038900, end turn
Next Turn, 2020-06-23T20:22:23.635068500, 
Button Pressed, 2020-06-23T20:22:25.278347800, Sunreaver Warmage
Button Pressed, 2020-06-23T20:22:26.504733900, Goldshire Footman
Card Played, 2020-06-23T20:22:26.505729400, Goldshire Footman
Button Pressed, 2020-06-23T20:22:31.345554600, Strength in Numbers
Card Played, 2020-06-23T20:22:31.346543500, Strength in Numbers
Button Pressed, 2020-06-23T20:22:32.824897, Sunreaver Warmage
Button Pressed, 2020-06-23T20:22:34.505120700, end turn
Next Turn, 2020-06-23T20:22:34.506158100, 
Button Pressed, 2020-06-23T20:22:36.642045700, Goldshire Footman
Card Played, 2020-06-23T20:22:36.642045700, Goldshire Footman
quit, 2020-06-23T20:31:44.017450, quit the game
login, 2020-06-23T20:35:26.462414,  as  
Button Pressed, 2020-06-23T20:35:28.717082600, Collections
Button Pressed, 2020-06-23T20:35:32.895047, Amir
Button Pressed, 2020-06-23T20:35:34.123931500, Play
Button Pressed, 2020-06-23T20:35:36.726657300, mana jump
Button Pressed, 2020-06-23T20:35:39.667997700, end turn
Next Turn, 2020-06-23T20:35:39.669003500, 
Button Pressed, 2020-06-23T20:35:40.385965200, end turn
Next Turn, 2020-06-23T20:35:40.385965200, 
Button Pressed, 2020-06-23T20:35:40.567480400, end turn
Next Turn, 2020-06-23T20:35:40.567480400, 
Button Pressed, 2020-06-23T20:35:43.018900600, Goldshire Footman
Card Played, 2020-06-23T20:35:43.019897800, Goldshire Footman
Button Pressed, 2020-06-23T20:35:57.837926600, end turn
Next Turn, 2020-06-23T20:35:57.838958100, 
Button Pressed, 2020-06-23T20:36:00.303841200, Sunreaver Warmage
Card Played, 2020-06-23T20:36:00.303841200, Sunreaver Warmage
quit, 2020-06-23T20:36:06.410075400, quit the game
login, 2020-06-23T20:45:37.998362500,  as  
Button Pressed, 2020-06-23T20:45:39.014734700, Collections
Button Pressed, 2020-06-23T20:45:42.821459600, New Deck 1
Button Pressed, 2020-06-23T20:45:44.521340700, Play
Button Pressed, 2020-06-23T20:45:47.306171300, nurse
Button Pressed, 2020-06-23T20:45:53.625805, Goldshire Footman
Card Played, 2020-06-23T20:45:53.626802600, Goldshire Footman
quit, 2020-06-23T20:46:06.876806600, quit the game
login, 2020-06-23T20:46:11.638795900,  as  
Button Pressed, 2020-06-23T20:46:12.759995400, Collections
Button Pressed, 2020-06-23T20:46:16.337725700, New Deck 1
Button Pressed, 2020-06-23T20:46:18.521569100, Play
Button Pressed, 2020-06-23T20:46:21.903723, draw twice
Button Pressed, 2020-06-23T20:46:29.742177300, Goldshire Footman
Card Played, 2020-06-23T20:46:29.744198500, Goldshire Footman
quit, 2020-06-23T20:46:42.175868700, quit the game
login, 2020-06-23T20:48:12.616829600,  as  
Button Pressed, 2020-06-23T20:48:14.299702100, Play
Button Pressed, 2020-06-23T20:48:18.852939700, Amir
Button Pressed, 2020-06-23T20:48:19.943112300, Play
Button Pressed, 2020-06-23T20:48:22.017565300, draw twice
Button Pressed, 2020-06-23T20:48:26.696493100, end turn
Next Turn, 2020-06-23T20:48:26.697451200, 
Button Pressed, 2020-06-23T20:48:26.916865500, end turn
Next Turn, 2020-06-23T20:48:26.917877700, 
Button Pressed, 2020-06-23T20:48:31.142297100, end turn
Next Turn, 2020-06-23T20:48:31.142297100, 
Button Pressed, 2020-06-23T20:48:31.370667600, end turn
Next Turn, 2020-06-23T20:48:31.370667600, 
Button Pressed, 2020-06-23T20:48:31.634961800, end turn
Next Turn, 2020-06-23T20:48:31.635959300, 
Button Pressed, 2020-06-23T20:48:34.759938900, Goldshire Footman
Card Played, 2020-06-23T20:48:34.761923300, Goldshire Footman
quit, 2020-06-23T20:48:42.684634500, quit the game
login, 2020-06-23T20:49:14.874929700,  as  
Button Pressed, 2020-06-23T20:49:15.948545600, Collections
Button Pressed, 2020-06-23T20:49:19.472451800, Amir
Button Pressed, 2020-06-23T20:49:20.660179400, Play
Button Pressed, 2020-06-23T20:49:22.559919300, zombie
Button Pressed, 2020-06-23T20:49:25.494487200, end turn
Next Turn, 2020-06-23T20:49:25.495492600, 
Button Pressed, 2020-06-23T20:49:26.164252300, end turn
Next Turn, 2020-06-23T20:49:26.164252300, 
Button Pressed, 2020-06-23T20:49:26.351735, end turn
Next Turn, 2020-06-23T20:49:26.352732500, 
Button Pressed, 2020-06-23T20:49:26.587138300, end turn
Next Turn, 2020-06-23T20:49:26.587138300, 
Button Pressed, 2020-06-23T20:49:29.585437200, Goldshire Footman
Card Played, 2020-06-23T20:49:29.586435500, Goldshire Footman
quit, 2020-06-23T20:49:37.256596500, quit the game
login, 2020-06-23T20:49:54.609305700,  as  
Button Pressed, 2020-06-23T20:49:55.520477900, Collections
Button Pressed, 2020-06-23T20:49:59.643734500, Amir
Button Pressed, 2020-06-23T20:50:00.969666, Play
Button Pressed, 2020-06-23T20:50:03.093555100, nurse
Button Pressed, 2020-06-23T20:50:07.002816100, end turn
Next Turn, 2020-06-23T20:50:07.004811900, 
Button Pressed, 2020-06-23T20:50:07.246200400, end turn
Next Turn, 2020-06-23T20:50:07.247165600, 
Button Pressed, 2020-06-23T20:50:07.420700600, end turn
Next Turn, 2020-06-23T20:50:07.421698900, 
Button Pressed, 2020-06-23T20:50:07.649089600, end turn
Next Turn, 2020-06-23T20:50:07.650094700, 
Button Pressed, 2020-06-23T20:50:07.859529, end turn
Next Turn, 2020-06-23T20:50:07.860544300, 
Button Pressed, 2020-06-23T20:50:09.140196200, Goldshire Footman
Card Played, 2020-06-23T20:50:09.141202, Goldshire Footman
Button Pressed, 2020-06-23T20:50:12.328437800, Gnomish Army Knife
Card Played, 2020-06-23T20:50:12.328437800, Gnomish Army Knife
Button Pressed, 2020-06-23T20:50:15.725156900, end turn
Next Turn, 2020-06-23T20:50:15.726154800, 
Button Pressed, 2020-06-23T20:50:15.964533, end turn
Next Turn, 2020-06-23T20:50:15.965515100, 
Button Pressed, 2020-06-23T20:50:16.197894200, end turn
Next Turn, 2020-06-23T20:50:16.198896900, 
Button Pressed, 2020-06-23T20:50:20.288986900, Goldshire Footman
Card Played, 2020-06-23T20:50:20.290000200, Goldshire Footman
Button Pressed, 2020-06-23T20:50:25.913325800, Sunreaver Warmage
Card Played, 2020-06-23T20:50:25.914337100, Sunreaver Warmage
quit, 2020-06-23T20:50:30.675241500, quit the game
login, 2020-06-23T20:50:37.798374900,  as  
Button Pressed, 2020-06-23T20:50:38.971918200, Collections
Button Pressed, 2020-06-23T20:50:42.354901400, New Deck 1
Button Pressed, 2020-06-23T20:50:44.549927800, Play
Button Pressed, 2020-06-23T20:50:46.785799700, mana jump
Button Pressed, 2020-06-23T20:50:56.531566500, end turn
Next Turn, 2020-06-23T20:50:56.532556900, 
Button Pressed, 2020-06-23T20:50:57.317167400, end turn
Next Turn, 2020-06-23T20:50:57.317167400, 
Button Pressed, 2020-06-23T20:50:57.511594500, end turn
Next Turn, 2020-06-23T20:50:57.512594, 
Button Pressed, 2020-06-23T20:50:57.742976900, end turn
Next Turn, 2020-06-23T20:50:57.743973700, 
Button Pressed, 2020-06-23T20:50:57.763938900, end turn
Next Turn, 2020-06-23T20:50:57.764919500, 
Button Pressed, 2020-06-23T20:51:11.372940300, Goldshire Footman
Card Played, 2020-06-23T20:51:11.374963100, Goldshire Footman
Button Pressed, 2020-06-23T20:51:17.709475700, Living Monument
Button Pressed, 2020-06-23T20:51:19.493314200, Living Monument
Button Pressed, 2020-06-23T20:51:20.798879, end turn
Next Turn, 2020-06-23T20:51:20.799881300, 
Button Pressed, 2020-06-23T20:51:23.436540600, Living Monument
Button Pressed, 2020-06-23T20:51:25.760027800, end turn
Next Turn, 2020-06-23T20:51:25.760996500, 
Button Pressed, 2020-06-23T20:51:25.970435600, end turn
Next Turn, 2020-06-23T20:51:25.971434700, 
Button Pressed, 2020-06-23T20:51:26.185859400, end turn
Next Turn, 2020-06-23T20:51:26.186857, 
Button Pressed, 2020-06-23T20:51:27.281496100, High Priest Amet
Card Played, 2020-06-23T20:51:27.281496100, High Priest Amet
Button Pressed, 2020-06-23T20:51:31.238239500, end turn
Next Turn, 2020-06-23T20:51:31.239257200, 
Button Pressed, 2020-06-23T20:51:33.619242700, Living Monument
Card Played, 2020-06-23T20:51:33.620280900, Living Monument
quit, 2020-06-23T20:51:44.153825, quit the game
login, 2020-06-23T20:59:42.621064300,  as  
Button Pressed, 2020-06-23T20:59:44.802945800, Collections
Button Pressed, 2020-06-23T20:59:48.054662800, Amir
Button Pressed, 2020-06-23T20:59:49.736020300, Play
Button Pressed, 2020-06-23T20:59:52.354009800, draw twice
Button Pressed, 2020-06-23T20:59:56.457696600, end turn
Next Turn, 2020-06-23T20:59:56.458695300, 
Button Pressed, 2020-06-23T20:59:58.856516600, end turn
Next Turn, 2020-06-23T20:59:58.857535100, 
Button Pressed, 2020-06-23T21:00:02.262463200, Goldshire Footman
Card Played, 2020-06-23T21:00:02.264458600, Goldshire Footman
Button Pressed, 2020-06-23T21:00:05.500320300, end turn
Next Turn, 2020-06-23T21:00:05.500320300, 
Button Pressed, 2020-06-23T21:00:06.436550500, end turn
Next Turn, 2020-06-23T21:00:06.437544100, 
Button Pressed, 2020-06-23T21:00:06.778664900, end turn
Next Turn, 2020-06-23T21:00:06.779628400, 
Button Pressed, 2020-06-23T21:00:06.802563, end turn
Next Turn, 2020-06-23T21:00:06.802563, 
Button Pressed, 2020-06-23T21:00:07.089797300, end turn
Next Turn, 2020-06-23T21:00:07.089797300, 
Button Pressed, 2020-06-23T21:00:07.753200400, end turn
Next Turn, 2020-06-23T21:00:07.754216500, 
Button Pressed, 2020-06-23T21:00:08.042433700, end turn
Next Turn, 2020-06-23T21:00:08.043434800, 
Button Pressed, 2020-06-23T21:00:08.324715100, end turn
Next Turn, 2020-06-23T21:00:08.325693300, 
Button Pressed, 2020-06-23T21:00:10.053445300, Sunreaver Warmage
Card Played, 2020-06-23T21:00:10.054451500, Sunreaver Warmage
Button Pressed, 2020-06-23T21:00:12.742217200, Living Monument
Button Pressed, 2020-06-23T21:00:13.680061300, end turn
Next Turn, 2020-06-23T21:00:13.681063600, 
Button Pressed, 2020-06-23T21:00:17.510044300, Sunreaver Warmage
Card Played, 2020-06-23T21:00:17.511112200, Sunreaver Warmage
Button Pressed, 2020-06-23T21:00:20.131160300, end turn
Next Turn, 2020-06-23T21:00:20.132159400, 
Button Pressed, 2020-06-23T21:00:21.885414200, Strength in Numbers
Card Played, 2020-06-23T21:00:21.886322100, Strength in Numbers
Button Pressed, 2020-06-23T21:00:23.196492900, Strength in Numbers
Card Played, 2020-06-23T21:00:23.196492900, Strength in Numbers
Button Pressed, 2020-06-23T21:00:24.301363800, end turn
Next Turn, 2020-06-23T21:00:24.302379900, 
Button Pressed, 2020-06-23T21:00:27.266609800, Living Monument
Card Played, 2020-06-23T21:00:27.266609800, Living Monument
quit, 2020-06-23T21:00:58.446161600, quit the game
login, 2020-06-23T21:01:03.598987400,  as  
Button Pressed, 2020-06-23T21:01:04.705633700, Collections
Button Pressed, 2020-06-23T21:01:09.611294400, New Deck 1
Button Pressed, 2020-06-23T21:01:11.252169400, Play
Button Pressed, 2020-06-23T21:01:13.744890600, draw twice
Button Pressed, 2020-06-23T21:01:17.307813600, end turn
Next Turn, 2020-06-23T21:01:17.308795300, 
Button Pressed, 2020-06-23T21:01:17.504273600, end turn
Next Turn, 2020-06-23T21:01:17.505270, 
Button Pressed, 2020-06-23T21:01:17.703807300, end turn
Next Turn, 2020-06-23T21:01:17.704818700, 
Button Pressed, 2020-06-23T21:01:19.578748400, Goldshire Footman
Card Played, 2020-06-23T21:01:19.580743500, Goldshire Footman
Button Pressed, 2020-06-23T21:01:22.050168600, end turn
Next Turn, 2020-06-23T21:01:22.051167300, 
Button Pressed, 2020-06-23T21:01:22.265594800, end turn
Next Turn, 2020-06-23T21:01:22.266603, 
Button Pressed, 2020-06-23T21:01:22.484057500, end turn
Next Turn, 2020-06-23T21:01:22.485007200, 
Button Pressed, 2020-06-23T21:01:22.508946800, end turn
Next Turn, 2020-06-23T21:01:22.509947900, 
Button Pressed, 2020-06-23T21:01:22.715400800, end turn
Next Turn, 2020-06-23T21:01:22.716389300, 
Button Pressed, 2020-06-23T21:01:22.948800800, end turn
Next Turn, 2020-06-23T21:01:22.948800800, 
Button Pressed, 2020-06-23T21:01:23.172205700, end turn
Next Turn, 2020-06-23T21:01:23.173169200, 
Button Pressed, 2020-06-23T21:01:23.193114, end turn
Next Turn, 2020-06-23T21:01:23.194112300, 
Button Pressed, 2020-06-23T21:01:23.447434500, end turn
Next Turn, 2020-06-23T21:01:23.447434500, 
Button Pressed, 2020-06-23T21:01:24.453729, Living Monument
Card Played, 2020-06-23T21:01:24.454727700, Living Monument
quit, 2020-06-23T21:01:30.422904300, quit the game
login, 2020-06-24T12:33:43.838216300,  as  
Button Pressed, 2020-06-24T12:33:48.615294500, Collections
Button Pressed, 2020-06-24T12:33:53.182228500, Amir
Button Pressed, 2020-06-24T12:33:55.100131, Play
Button Pressed, 2020-06-24T12:34:08.687329, mana jump
Button Pressed, 2020-06-24T12:34:14.771913400, end turn
Next Turn, 2020-06-24T12:34:14.774907500, 
Button Pressed, 2020-06-24T12:34:14.986343200, end turn
Next Turn, 2020-06-24T12:34:14.987355400, 
Button Pressed, 2020-06-24T12:34:15.221711400, end turn
Next Turn, 2020-06-24T12:34:15.221711400, 
Button Pressed, 2020-06-24T12:34:15.472029900, end turn
Next Turn, 2020-06-24T12:34:15.473058700, 
Button Pressed, 2020-06-24T12:34:15.740308, end turn
Next Turn, 2020-06-24T12:34:15.741309500, 
Button Pressed, 2020-06-24T12:34:16.042503300, end turn
Next Turn, 2020-06-24T12:34:16.042503300, 
Button Pressed, 2020-06-24T12:34:19.063315200, end turn
Next Turn, 2020-06-24T12:34:19.064311500, 
Button Pressed, 2020-06-24T12:34:19.349860100, end turn
Next Turn, 2020-06-24T12:34:19.350892800, 
Button Pressed, 2020-06-24T12:34:19.671422200, end turn
Next Turn, 2020-06-24T12:34:19.671422200, 
Button Pressed, 2020-06-24T12:34:19.711314800, end turn
Next Turn, 2020-06-24T12:34:19.711314800, 
Button Pressed, 2020-06-24T12:34:22.186496400, Living Monument
Card Played, 2020-06-24T12:34:22.198465200, Living Monument
Button Pressed, 2020-06-24T12:34:32.749706900, end turn
Next Turn, 2020-06-24T12:34:32.750702100, 
Button Pressed, 2020-06-24T12:34:33.109742100, end turn
Next Turn, 2020-06-24T12:34:33.110738500, 
Button Pressed, 2020-06-24T12:34:33.432877300, end turn
Next Turn, 2020-06-24T12:34:33.433913200, 
Button Pressed, 2020-06-24T12:34:34.914173300, Goldshire Footman
Card Played, 2020-06-24T12:34:34.915172400, Goldshire Footman
Button Pressed, 2020-06-24T12:34:39.472745, Sunreaver Warmage
Card Played, 2020-06-24T12:34:39.472745, Sunreaver Warmage
quit, 2020-06-24T12:35:11.267920300, quit the game
login, 2020-06-24T12:35:33.249091200,  as  
Button Pressed, 2020-06-24T12:35:34.381975900, Collections
Button Pressed, 2020-06-24T12:35:38.341424400, Amir
Button Pressed, 2020-06-24T12:35:39.557901500, Play
Button Pressed, 2020-06-24T12:35:42.289726500, draw twice
Button Pressed, 2020-06-24T12:35:44.233309700, end turn
Next Turn, 2020-06-24T12:35:44.235311400, 
Button Pressed, 2020-06-24T12:35:44.487632100, end turn
Next Turn, 2020-06-24T12:35:44.487632100, 
Button Pressed, 2020-06-24T12:35:44.726992, end turn
Next Turn, 2020-06-24T12:35:44.726992, 
Button Pressed, 2020-06-24T12:35:45.078568900, end turn
Next Turn, 2020-06-24T12:35:45.079560500, 
Button Pressed, 2020-06-24T12:35:47.893460200, Goldshire Footman
Card Played, 2020-06-24T12:35:47.894457700, Goldshire Footman
Button Pressed, 2020-06-24T12:35:50.829153900, end turn
Next Turn, 2020-06-24T12:35:50.830155, 
Button Pressed, 2020-06-24T12:35:51.163289600, end turn
Next Turn, 2020-06-24T12:35:51.164261500, 
Button Pressed, 2020-06-24T12:35:51.472717300, end turn
Next Turn, 2020-06-24T12:35:51.473250300, 
Button Pressed, 2020-06-24T12:35:51.796756800, end turn
Next Turn, 2020-06-24T12:35:51.797769400, 
Button Pressed, 2020-06-24T12:35:52.138874800, end turn
Next Turn, 2020-06-24T12:35:52.138874800, 
Button Pressed, 2020-06-24T12:35:53.060305200, Gnomish Army Knife
Card Played, 2020-06-24T12:35:53.061303900, Gnomish Army Knife
Button Pressed, 2020-06-24T12:35:54.902038900, Living Monument
Button Pressed, 2020-06-24T12:35:56.072884, end turn
Next Turn, 2020-06-24T12:35:56.073848700, 
Button Pressed, 2020-06-24T12:35:56.391001500, end turn
Next Turn, 2020-06-24T12:35:56.391998600, 
Button Pressed, 2020-06-24T12:35:59.142114300, Gnomish Army Knife
Card Played, 2020-06-24T12:35:59.142114300, Gnomish Army Knife
Button Pressed, 2020-06-24T12:36:02.297158400, end turn
Next Turn, 2020-06-24T12:36:02.297158400, 
Button Pressed, 2020-06-24T12:36:06.423750200, Living Monument
Card Played, 2020-06-24T12:36:06.424784100, Living Monument
quit, 2020-06-24T12:36:52.499796900, quit the game
login, 2020-07-09T19:07:43.155475600,  as  
Button Pressed, 2020-07-09T19:07:44.678848600, Play
Button Pressed, 2020-07-09T19:07:51.889274100, Amir
Button Pressed, 2020-07-09T19:07:53.092069400, Play
Button Pressed, 2020-07-09T19:07:56.505089500, nurse
Button Pressed, 2020-07-09T19:08:02.419570200, Goldshire Footman
Card Played, 2020-07-09T19:08:02.421564900, Goldshire Footman
Button Pressed, 2020-07-09T19:08:04.712332400, end turn
Next Turn, 2020-07-09T19:08:04.713346900, 
Button Pressed, 2020-07-09T19:08:05.123231900, end turn
Next Turn, 2020-07-09T19:08:05.124233700, 
Button Pressed, 2020-07-09T19:08:05.403484100, end turn
Next Turn, 2020-07-09T19:08:05.403484100, 
Button Pressed, 2020-07-09T19:08:05.655811, end turn
Next Turn, 2020-07-09T19:08:05.655811, 
Button Pressed, 2020-07-09T19:08:05.948026100, end turn
Next Turn, 2020-07-09T19:08:05.948026100, 
Button Pressed, 2020-07-09T19:08:05.973956700, end turn
Next Turn, 2020-07-09T19:08:05.974954600, 
quit, 2020-07-09T19:08:08.154922900, quit the game
